<?xml version="1.0" encoding="UTF-8"?>
<!-- Generated by org.testng.reporters.JUnitXMLReporter -->
<testsuite hostname="rashmi-PC" name="Test" tests="4" failures="0" timestamp="15 Sep 2018 10:24:04 GMT" time="0.002" errors="0">
  <testcase name="testMethodFour" time="0.001" classname="ran.ras"/>
  <testcase name="testMethodOne" time="0.0" classname="ran.ras"/>
  <testcase name="testMethodThree" time="0.0" classname="ran.ras"/>
  <testcase name="testMethodTwo" time="0.001" classname="ran.ras"/>
</testsuite>
